/*C1*/SET SCHEMA SYSTEM_LOBS
INSERT INTO BLOCKS VALUES(0,2147483647,0)
COMMIT
/*C2*/SET SCHEMA PUBLIC
\u000a    create table tbl_equipamento (\u000a        id bigint generated by default as identity (start with 1),\u000a        ano integer not null,\u000a        dataAmostra date,\u000a        dia integer not null,\u000a        hora integer not null,\u000a        idEquipamento double not null,\u000a        mes integer not null,\u000a        minuto integer not null,\u000a        nomeEquipamento varchar(255),\u000a        statusEquipamento tinyint not null,\u000a        valorSensorReferencia double not null,\u000a        primary key (id)\u000a    )
INSERT INTO TBL_EQUIPAMENTO VALUES(1,15,'2015-11-17',17,16,0.3E0,10,49,'AQUECEDOR',0,31.374640689342943E0)
COMMIT
INSERT INTO TBL_EQUIPAMENTO VALUES(2,15,'2015-11-17',17,16,0.3E0,10,50,'AQUECEDOR',1,12.77964415017978E0)
COMMIT
INSERT INTO TBL_EQUIPAMENTO VALUES(3,15,'2015-11-17',17,16,0.2E0,10,50,'AR CODICIONADO',1,18.322651413247566E0)
COMMIT
INSERT INTO TBL_EQUIPAMENTO VALUES(4,15,'2015-11-17',17,16,0.2E0,10,50,'AR CODICIONADO',0,41.67818496633159E0)
COMMIT
INSERT INTO TBL_EQUIPAMENTO VALUES(5,15,'2015-11-17',17,16,0.4E0,10,50,'UMIDIFICADOR',0,67.48911097815808E0)
COMMIT
INSERT INTO TBL_EQUIPAMENTO VALUES(6,15,'2015-11-17',17,16,0.4E0,10,50,'UMIDIFICADOR',0,38.029412910195916E0)
COMMIT
INSERT INTO TBL_EQUIPAMENTO VALUES(7,15,'2015-11-17',17,16,0.1E0,10,50,'ILUMINACAO',0,79.44010399200928E0)
COMMIT
INSERT INTO TBL_EQUIPAMENTO VALUES(8,15,'2015-11-17',17,16,0.1E0,10,50,'ILUMINACAO',1,14.308024089491846E0)
COMMIT
INSERT INTO TBL_EQUIPAMENTO VALUES(9,15,'2015-11-17',17,16,0.3E0,10,50,'AQUECEDOR',0,26.709144202105303E0)
COMMIT
INSERT INTO TBL_EQUIPAMENTO VALUES(10,15,'2015-11-17',17,16,0.3E0,10,50,'AQUECEDOR',1,16.313838466087212E0)
COMMIT
INSERT INTO TBL_EQUIPAMENTO VALUES(11,15,'2015-11-17',17,16,0.2E0,10,50,'AR CODICIONADO',1,16.506179363735868E0)
COMMIT
INSERT INTO TBL_EQUIPAMENTO VALUES(12,15,'2015-11-17',17,16,0.2E0,10,50,'AR CODICIONADO',0,40.51334293684955E0)
COMMIT
INSERT INTO TBL_EQUIPAMENTO VALUES(13,15,'2015-11-17',17,16,0.4E0,10,50,'UMIDIFICADOR',0,70.12238652971028E0)
COMMIT
INSERT INTO TBL_EQUIPAMENTO VALUES(14,15,'2015-11-17',17,16,0.4E0,10,50,'UMIDIFICADOR',0,38.565414335443066E0)
COMMIT
INSERT INTO TBL_EQUIPAMENTO VALUES(15,15,'2015-11-17',17,16,0.1E0,10,50,'ILUMINACAO',0,74.78681834396717E0)
COMMIT
INSERT INTO TBL_EQUIPAMENTO VALUES(16,15,'2015-11-17',17,16,0.1E0,10,50,'ILUMINACAO',0,21.38506173280746E0)
COMMIT
INSERT INTO TBL_EQUIPAMENTO VALUES(17,15,'2015-11-17',17,16,0.3E0,10,50,'AQUECEDOR',0,28.962232016251015E0)
COMMIT
INSERT INTO TBL_EQUIPAMENTO VALUES(18,15,'2015-11-17',17,16,0.3E0,10,50,'AQUECEDOR',1,19.888445325319843E0)
COMMIT
INSERT INTO TBL_EQUIPAMENTO VALUES(19,15,'2015-11-17',17,16,0.2E0,10,50,'AR CODICIONADO',1,17.003549226880274E0)
COMMIT
INSERT INTO TBL_EQUIPAMENTO VALUES(20,15,'2015-11-17',17,16,0.2E0,10,50,'AR CODICIONADO',0,44.47955640692635E0)
COMMIT
INSERT INTO TBL_EQUIPAMENTO VALUES(21,15,'2015-11-17',17,16,0.4E0,10,50,'UMIDIFICADOR',0,60.10609239815864E0)
COMMIT
INSERT INTO TBL_EQUIPAMENTO VALUES(22,15,'2015-11-17',17,16,0.4E0,10,50,'UMIDIFICADOR',0,47.39421165695437E0)
COMMIT
INSERT INTO TBL_EQUIPAMENTO VALUES(23,15,'2015-11-17',17,16,0.1E0,10,50,'ILUMINACAO',0,72.07300242677401E0)
COMMIT
INSERT INTO TBL_EQUIPAMENTO VALUES(24,15,'2015-11-17',17,16,0.1E0,10,50,'ILUMINACAO',0,25.52566131956109E0)
COMMIT
INSERT INTO TBL_EQUIPAMENTO VALUES(25,15,'2015-11-17',17,16,0.3E0,10,50,'AQUECEDOR',0,38.39879190639295E0)
COMMIT
INSERT INTO TBL_EQUIPAMENTO VALUES(26,15,'2015-11-17',17,16,0.3E0,10,50,'AQUECEDOR',1,16.705339328831585E0)
COMMIT
INSERT INTO TBL_EQUIPAMENTO VALUES(27,15,'2015-11-17',17,16,0.2E0,10,50,'AR CODICIONADO',1,16.288453532023325E0)
COMMIT
INSERT INTO TBL_EQUIPAMENTO VALUES(28,15,'2015-11-17',17,16,0.2E0,10,50,'AR CODICIONADO',0,36.79542776347835E0)
COMMIT
INSERT INTO TBL_EQUIPAMENTO VALUES(29,15,'2015-11-17',17,16,0.4E0,10,50,'UMIDIFICADOR',0,70.93937338438295E0)
COMMIT
INSERT INTO TBL_EQUIPAMENTO VALUES(30,15,'2015-11-17',17,16,0.4E0,10,50,'UMIDIFICADOR',0,33.65590500207208E0)
COMMIT
INSERT INTO TBL_EQUIPAMENTO VALUES(31,15,'2015-11-17',17,16,0.1E0,10,50,'ILUMINACAO',0,74.47702723555821E0)
COMMIT
INSERT INTO TBL_EQUIPAMENTO VALUES(32,15,'2015-11-17',17,16,0.1E0,10,50,'ILUMINACAO',0,43.5888054737159E0)
COMMIT
INSERT INTO TBL_EQUIPAMENTO VALUES(33,15,'2015-11-17',17,16,0.3E0,10,50,'AQUECEDOR',0,35.84468819167207E0)
COMMIT
INSERT INTO TBL_EQUIPAMENTO VALUES(34,15,'2015-11-17',17,16,0.3E0,10,50,'AQUECEDOR',1,12.151392081450334E0)
COMMIT
INSERT INTO TBL_EQUIPAMENTO VALUES(35,15,'2015-11-17',17,16,0.2E0,10,50,'AR CODICIONADO',1,16.354387474729386E0)
COMMIT
INSERT INTO TBL_EQUIPAMENTO VALUES(36,15,'2015-11-17',17,16,0.2E0,10,50,'AR CODICIONADO',0,42.187608707754244E0)
COMMIT
INSERT INTO TBL_EQUIPAMENTO VALUES(37,15,'2015-11-17',17,16,0.4E0,10,50,'UMIDIFICADOR',0,63.14637631103471E0)
COMMIT
INSERT INTO TBL_EQUIPAMENTO VALUES(38,15,'2015-11-17',17,16,0.4E0,10,50,'UMIDIFICADOR',0,37.95862885946646E0)
COMMIT
INSERT INTO TBL_EQUIPAMENTO VALUES(39,15,'2015-11-17',17,16,0.1E0,10,50,'ILUMINACAO',0,60.82722409054494E0)
COMMIT
INSERT INTO TBL_EQUIPAMENTO VALUES(40,15,'2015-11-17',17,16,0.1E0,10,50,'ILUMINACAO',0,31.89013838002883E0)
COMMIT
